\BOOKMARK [1][-]{section.1}{\376\377\000C\000o\000n\000t\000e\000x\000t}{}% 1
\BOOKMARK [1][-]{section.2}{\376\377\000B\000a\000s\000i\000c\000\040\000S\000I\000R\000\040\000M\000o\000d\000e\000l}{}% 2
\BOOKMARK [2][-]{subsection.2.1}{\376\377\000P\000a\000r\000a\000m\000e\000t\000e\000r\000s}{section.2}% 3
\BOOKMARK [2][-]{subsection.2.2}{\376\377\000G\000o\000v\000e\000r\000n\000i\000n\000g\000\040\000E\000q\000u\000a\000t\000i\000o\000n\000s}{section.2}% 4
\BOOKMARK [2][-]{subsection.2.3}{\376\377\000N\000a\000t\000u\000r\000a\000l\000\040\000U\000n\000i\000t\000s}{section.2}% 5
\BOOKMARK [2][-]{subsection.2.4}{\376\377\000F\000i\000x\000e\000d\000\040\000P\000o\000i\000n\000t\000s\000\040\000a\000n\000d\000\040\000S\000t\000a\000b\000i\000l\000i\000t\000y\000\040\000A\000n\000a\000l\000y\000s\000i\000s}{section.2}% 6
\BOOKMARK [2][-]{subsection.2.5}{\376\377\000S\000t\000a\000b\000i\000l\000i\000t\000y\000\040\000A\000n\000a\000l\000y\000s\000i\000s}{section.2}% 7
\BOOKMARK [2][-]{subsection.2.6}{\376\377\000E\000i\000g\000e\000n\000v\000a\000l\000u\000e\000s}{section.2}% 8
\BOOKMARK [2][-]{subsection.2.7}{\376\377\000P\000h\000a\000s\000e\000\040\000S\000p\000a\000c\000e\000\040\000A\000n\000a\000l\000y\000s\000i\000s}{section.2}% 9
\BOOKMARK [2][-]{subsection.2.8}{\376\377\000M\000o\000d\000e\000l\000\040\000E\000v\000a\000l\000u\000a\000t\000i\000o\000n}{section.2}% 10
\BOOKMARK [1][-]{section.3}{\376\377\000F\000i\000r\000s\000t\000\040\000A\000l\000t\000e\000r\000a\000t\000i\000o\000n}{}% 11
\BOOKMARK [2][-]{subsection.3.1}{\376\377\000G\000o\000v\000e\000r\000n\000i\000n\000g\000\040\000E\000q\000u\000a\000t\000i\000o\000n\000s}{section.3}% 12
\BOOKMARK [2][-]{subsection.3.2}{\376\377\000N\000a\000t\000u\000r\000a\000l\000\040\000U\000n\000i\000t\000s}{section.3}% 13
\BOOKMARK [2][-]{subsection.3.3}{\376\377\000F\000i\000x\000e\000d\000\040\000P\000o\000i\000n\000t\000\040\000A\000n\000a\000l\000y\000s\000i\000s}{section.3}% 14
\BOOKMARK [2][-]{subsection.3.4}{\376\377\000N\000u\000l\000l\000c\000l\000i\000n\000e\000\040\000A\000n\000a\000l\000y\000s\000i\000s}{section.3}% 15
\BOOKMARK [2][-]{subsection.3.5}{\376\377\000M\000o\000d\000e\000l\000\040\000E\000v\000a\000l\000u\000a\000t\000i\000o\000n}{section.3}% 16
\BOOKMARK [1][-]{section.4}{\376\377\000S\000e\000c\000o\000n\000d\000\040\000A\000l\000t\000e\000r\000a\000t\000i\000o\000n}{}% 17
\BOOKMARK [2][-]{subsection.4.1}{\376\377\000G\000o\000v\000e\000r\000n\000i\000n\000g\000\040\000E\000q\000u\000a\000t\000i\000o\000n\000s}{section.4}% 18
\BOOKMARK [2][-]{subsection.4.2}{\376\377\000N\000a\000t\000u\000r\000a\000l\000\040\000U\000n\000i\000t\000s}{section.4}% 19
\BOOKMARK [2][-]{subsection.4.3}{\376\377\000A\000n\000a\000l\000y\000s\000i\000s\000\040\000S\000e\000c\000t\000i\000o\000n\000\040\0001}{section.4}% 20
\BOOKMARK [2][-]{subsection.4.4}{\376\377\000A\000n\000a\000l\000y\000s\000i\000s\000\040\000S\000e\000c\000t\000i\000o\000n\000\040\0002}{section.4}% 21
\BOOKMARK [2][-]{subsection.4.5}{\376\377\000M\000o\000d\000e\000l\000\040\000E\000v\000a\000l\000u\000a\000t\000i\000o\000n}{section.4}% 22
\BOOKMARK [1][-]{section.5}{\376\377\000C\000o\000n\000c\000l\000u\000s\000i\000o\000n}{}% 23
